<?xml version="1.0" encoding="UTF-8"?>
<testsuite name="com.starbux.ApplicationTests" tests="1" skipped="0" failures="0" errors="0" timestamp="2020-03-10T20:46:10" hostname="Mehuls-MBP" time="0.012">
  <properties/>
  <testcase name="contextLoads()" classname="com.starbux.ApplicationTests" time="0.012"/>
  <system-out><![CDATA[2020-03-10 22:46:10.507  INFO 11569 --- [    Test worker] o.s.t.c.support.AbstractContextLoader    : Could not detect default resource locations for test class [com.starbux.ApplicationTests]: no resource found for suffixes {-context.xml, Context.groovy}.
2020-03-10 22:46:10.507  INFO 11569 --- [    Test worker] t.c.s.AnnotationConfigContextLoaderUtils : Could not detect default configuration classes for test class [com.starbux.ApplicationTests]: ApplicationTests does not declare any static, non-private, non-final, nested classes annotated with @Configuration.
2020-03-10 22:46:10.518  INFO 11569 --- [    Test worker] .b.t.c.SpringBootTestContextBootstrapper : Found @SpringBootConfiguration com.starbux.StartBuxApplication for test class com.starbux.ApplicationTests
2020-03-10 22:46:10.524  INFO 11569 --- [    Test worker] .b.t.c.SpringBootTestContextBootstrapper : Loaded default TestExecutionListener class names from location [META-INF/spring.factories]: [org.springframework.security.test.context.support.WithSecurityContextTestExecutionListener, org.springframework.boot.test.autoconfigure.restdocs.RestDocsTestExecutionListener, org.springframework.boot.test.autoconfigure.web.client.MockRestServiceServerResetTestExecutionListener, org.springframework.boot.test.autoconfigure.web.servlet.MockMvcPrintOnlyOnFailureTestExecutionListener, org.springframework.boot.test.autoconfigure.web.servlet.WebDriverTestExecutionListener, org.springframework.boot.test.mock.mockito.MockitoTestExecutionListener, org.springframework.boot.test.mock.mockito.ResetMocksTestExecutionListener, org.springframework.test.context.web.ServletTestExecutionListener, org.springframework.test.context.support.DirtiesContextBeforeModesTestExecutionListener, org.springframework.test.context.support.DependencyInjectionTestExecutionListener, org.springframework.test.context.support.DirtiesContextTestExecutionListener, org.springframework.test.context.transaction.TransactionalTestExecutionListener, org.springframework.test.context.jdbc.SqlScriptsTestExecutionListener, org.springframework.test.context.event.EventPublishingTestExecutionListener]
2020-03-10 22:46:10.524  INFO 11569 --- [    Test worker] .b.t.c.SpringBootTestContextBootstrapper : Using TestExecutionListeners: [org.springframework.test.context.web.ServletTestExecutionListener@244045f, org.springframework.test.context.support.DirtiesContextBeforeModesTestExecutionListener@1f6b41f2, org.springframework.boot.test.mock.mockito.MockitoTestExecutionListener@7174e1eb, org.springframework.boot.test.autoconfigure.SpringBootDependencyInjectionTestExecutionListener@786cf7ca, org.springframework.test.context.support.DirtiesContextTestExecutionListener@5aa86264, org.springframework.test.context.transaction.TransactionalTestExecutionListener@1f89cc12, org.springframework.test.context.jdbc.SqlScriptsTestExecutionListener@49241db1, org.springframework.test.context.event.EventPublishingTestExecutionListener@56e961f8, org.springframework.boot.test.autoconfigure.restdocs.RestDocsTestExecutionListener@4fcb9203, org.springframework.boot.test.autoconfigure.web.client.MockRestServiceServerResetTestExecutionListener@1ef33eb4, org.springframework.boot.test.autoconfigure.web.servlet.MockMvcPrintOnlyOnFailureTestExecutionListener@7753614e, org.springframework.boot.test.autoconfigure.web.servlet.WebDriverTestExecutionListener@6aa828fd, org.springframework.boot.test.mock.mockito.ResetMocksTestExecutionListener@7960f421, org.springframework.security.test.context.support.WithSecurityContextTestExecutionListener@7ee17327]
]]></system-out>
  <system-err><![CDATA[]]></system-err>
</testsuite>
