<?xml version="1.0" encoding="UTF-8"?>
<testsuite name="com.starbux.ApplicationTests" tests="1" skipped="0" failures="0" errors="0" timestamp="2020-03-10T19:00:28" hostname="Mehuls-MBP" time="0.006">
  <properties/>
  <testcase name="contextLoads()" classname="com.starbux.ApplicationTests" time="0.006"/>
  <system-out><![CDATA[2020-03-10 21:00:28.642  INFO 10656 --- [    Test worker] o.s.t.c.support.AbstractContextLoader    : Could not detect default resource locations for test class [com.starbux.ApplicationTests]: no resource found for suffixes {-context.xml, Context.groovy}.
2020-03-10 21:00:28.642  INFO 10656 --- [    Test worker] t.c.s.AnnotationConfigContextLoaderUtils : Could not detect default configuration classes for test class [com.starbux.ApplicationTests]: ApplicationTests does not declare any static, non-private, non-final, nested classes annotated with @Configuration.
2020-03-10 21:00:28.647  INFO 10656 --- [    Test worker] .b.t.c.SpringBootTestContextBootstrapper : Found @SpringBootConfiguration com.starbux.StartBuxApplication for test class com.starbux.ApplicationTests
2020-03-10 21:00:28.648  INFO 10656 --- [    Test worker] .b.t.c.SpringBootTestContextBootstrapper : Loaded default TestExecutionListener class names from location [META-INF/spring.factories]: [org.springframework.security.test.context.support.WithSecurityContextTestExecutionListener, org.springframework.boot.test.autoconfigure.restdocs.RestDocsTestExecutionListener, org.springframework.boot.test.autoconfigure.web.client.MockRestServiceServerResetTestExecutionListener, org.springframework.boot.test.autoconfigure.web.servlet.MockMvcPrintOnlyOnFailureTestExecutionListener, org.springframework.boot.test.autoconfigure.web.servlet.WebDriverTestExecutionListener, org.springframework.boot.test.mock.mockito.MockitoTestExecutionListener, org.springframework.boot.test.mock.mockito.ResetMocksTestExecutionListener, org.springframework.test.context.web.ServletTestExecutionListener, org.springframework.test.context.support.DirtiesContextBeforeModesTestExecutionListener, org.springframework.test.context.support.DependencyInjectionTestExecutionListener, org.springframework.test.context.support.DirtiesContextTestExecutionListener, org.springframework.test.context.transaction.TransactionalTestExecutionListener, org.springframework.test.context.jdbc.SqlScriptsTestExecutionListener, org.springframework.test.context.event.EventPublishingTestExecutionListener]
2020-03-10 21:00:28.649  INFO 10656 --- [    Test worker] .b.t.c.SpringBootTestContextBootstrapper : Using TestExecutionListeners: [org.springframework.test.context.web.ServletTestExecutionListener@3a0e1cec, org.springframework.test.context.support.DirtiesContextBeforeModesTestExecutionListener@633e2ec2, org.springframework.boot.test.mock.mockito.MockitoTestExecutionListener@11c3d835, org.springframework.boot.test.autoconfigure.SpringBootDependencyInjectionTestExecutionListener@52bb7279, org.springframework.test.context.support.DirtiesContextTestExecutionListener@1818fdbe, org.springframework.test.context.transaction.TransactionalTestExecutionListener@ac29841, org.springframework.test.context.jdbc.SqlScriptsTestExecutionListener@5cfeb5c, org.springframework.test.context.event.EventPublishingTestExecutionListener@cee7926, org.springframework.boot.test.autoconfigure.restdocs.RestDocsTestExecutionListener@53448008, org.springframework.boot.test.autoconfigure.web.client.MockRestServiceServerResetTestExecutionListener@4d5a1ab1, org.springframework.boot.test.autoconfigure.web.servlet.MockMvcPrintOnlyOnFailureTestExecutionListener@37b58d4d, org.springframework.boot.test.autoconfigure.web.servlet.WebDriverTestExecutionListener@48ede5d4, org.springframework.boot.test.mock.mockito.ResetMocksTestExecutionListener@3fde6801, org.springframework.security.test.context.support.WithSecurityContextTestExecutionListener@22cc72d9]
]]></system-out>
  <system-err><![CDATA[]]></system-err>
</testsuite>
